Delivery boy-App/build/app/outputs/mapping/release/seeds.txt
com.food_on_the_way.delivery_boy.MainActivity: MainActivity()
com.food_on_the_way.delivery_boy.MainActivity
...
kotlin.jvm.internal.CallableReference: java.lang.String getName()
com.dexterous.flutterlocalnotifications.FlutterLocalNotificationsPlugin: java.lang.String DELETE_NOTIFICATION_CHANNEL_GROUP_METHOD
com.google.android.gms.internal.measurement.zzgc: long zzk
androidx.window.layout.SidecarCompat$FirstAttachAdapter: void onViewAttachedToWindow(android.view.View)
androidx.window.embedding.SplitController: androidx.window.embedding.SplitController access$getGlobalInstance$cp()
androidx.appcompat.widget.AppCompatTextView: void setTextFuture(java.util.concurrent.Future)
org.threeten.bp.Month: org.threeten.bp.Month[] values()
com.google.android.gms.internal.measurement.zzej: int zze
androidx.window.embedding.ExtensionEmbeddingBackend: void registerSplitListenerForActivity(android.app.Activity,java.util.concurrent.Executor,androidx.core.util.Consumer)
com.dexterous.flutterlocalnotifications.models.NotificationDetails: void readGroupingInformation(com.dexterous.flutterlocalnotifications.models.NotificationDetails,java.util.Map)
androidx.annotation.Keep
com.dexterous.flutterlocalnotifications.models.NotificationDetails: java.lang.String COLOR_GREEN
androidx.appcompat.widget.LinearLayoutCompat: void setMeasureWithLargestChildEnabled(boolean)
androidx.appcompat.widget.ActionBarContextView: int getContentHeight()
android.support.v4.media.MediaBrowserCompat$ItemReceiver
com.dexterous.flutterlocalnotifications.models.NotificationDetails: java.lang.String SUMMARY_TEXT
androidx.window.layout.ExtensionWindowLayoutInfoBackend: androidx.window.extensions.layout.WindowLayoutComponent component
androidx.appcompat.widget.Toolbar: void setPopupTheme(int)
com.dexterous.flutterlocalnotifications.FlutterLocalNotificationsPlugin: void setVibrationPattern(com.dexterous.flutterlocalnotifications.models.NotificationDetails,androidx.core.app.NotificationCompat$Builder)
androidx.appcompat.widget.AppCompatEditText: void setCustomSelectionActionModeCallback(android.view.ActionMode$Callback)
androidx.appcompat.widget.ActionMenuView: void setPopupTheme(int)
com.dexterous.flutterlocalnotifications.models.NotificationChannelDetails: java.lang.Boolean playSound
androidx.appcompat.widget.Toolbar: int getContentInsetLeft()
com.dexterous.flutterlocalnotifications.models.styles.BigPictureStyleInformation: java.lang.String summaryText
androidx.appcompat.widget.AppCompatButton: android.content.res.ColorStateList getSupportBackgroundTintList()
androidx.window.layout.HardwareFoldingFeature$Type$Companion
io.flutter.embedding.android.RenderMode: io.flutter.embedding.android.RenderMode[] values()
org.threeten.bp.LocalDateTime: java.lang.Object readResolve()
com.dexterous.flutterlocalnotifications.FlutterLocalNotificationsPlugin: java.lang.String getNextFireDateMatchingDateTimeComponents(com.dexterous.flutterlocalnotifications.models.NotificationDetails)
com.dexterous.flutterlocalnotifications.FlutterLocalNotificationsPlugin: void setTimeoutAfter(com.dexterous.flutterlocalnotifications.models.NotificationDetails,androidx.core.app.NotificationCompat$Builder)
com.dexterous.flutterlocalnotifications.models.NotificationDetails: java.lang.String subText
com.google.android.gms.internal.firebase-auth-api.zzjr
androidx.appcompat.widget.AppCompatCheckBox
io.flutter.embedding.engine.FlutterJNI: FlutterJNI()
org.threeten.bp.zone.ZoneOffsetTransition: java.lang.Object writeReplace()
com.google.android.gms.internal.firebase-auth-api.zzxd: android.os.Parcelable$Creator CREATOR
com.dexterous.flutterlocalnotifications.RuntimeTypeAdapterFactory: java.lang.String access$000(com.dexterous.flutterlocalnotifications.RuntimeTypeAdapterFactory)
com.google.android.gms.internal.firebase-auth-api.zzhe: int zze
androidx.window.embedding.EmbeddingCompat$Companion: boolean isEmbeddingAvailable()
androidx.appcompat.widget.AppCompatMultiAutoCompleteTextView: android.content.res.ColorStateList getSupportBackgroundTintList()
androidx.window.embedding.ActivityFilter: boolean equals(java.lang.Object)