Delivery boy-App/build/app/outputs/mapping/release/mapping.txt
# compiler: R8
# compiler_version: 2.1.62
# min_api: 21
# pg_map_id: deeb772
# common_typos_disable
...
com.google.android.datatransport.runtime.time.TimeModule_UptimeClockFactory -> f.b.a.a.i.c0.d:
    com.google.android.datatransport.runtime.time.TimeModule_UptimeClockFactory create() -> a
    com.google.android.datatransport.runtime.time.Clock get() -> b
    com.google.android.datatransport.runtime.time.Clock uptimeClock() -> c
com.google.android.datatransport.runtime.time.TimeModule_UptimeClockFactory$InstanceHolder -> f.b.a.a.i.c0.d$a:
    com.google.android.datatransport.runtime.time.TimeModule_UptimeClockFactory INSTANCE -> a
    com.google.android.datatransport.runtime.time.TimeModule_UptimeClockFactory access$000() -> a
com.google.android.datatransport.runtime.time.UptimeClock -> f.b.a.a.i.c0.e:
    long getTime() -> a
com.google.android.datatransport.runtime.time.WallTimeClock -> f.b.a.a.i.c0.f:
    long getTime() -> a
com.google.android.datatransport.runtime.util.PriorityMapping -> f.b.a.a.i.d0.a:
    android.util.SparseArray PRIORITY_MAP -> a
    java.util.HashMap PRIORITY_INT_MAP -> b
    int toInt(com.google.android.datatransport.Priority) -> a
    com.google.android.datatransport.Priority valueOf(int) -> b
com.google.android.gms.ads.identifier.AdvertisingIdClient -> f.b.a.b.a.a.a:
    com.google.android.gms.common.BlockingServiceConnection zza -> a
    com.google.android.gms.ads.identifier.zzb zze -> e
    java.lang.Object zzd -> d
    com.google.android.gms.internal.ads_identifier.zzf zzb -> b
    long zzf -> g
    boolean zzc -> c
    android.content.Context zzg -> f
    com.google.android.gms.ads.identifier.AdvertisingIdClient$Info getAdvertisingIdInfo(android.content.Context) -> a
    void setShouldSkipGmsCoreVersionCheck(boolean) -> b
    void zza() -> c
    void zzb(boolean) -> d
    boolean zzc(com.google.android.gms.ads.identifier.AdvertisingIdClient$Info,boolean,float,long,java.lang.String,java.lang.Throwable) -> e
    com.google.android.gms.ads.identifier.AdvertisingIdClient$Info zzd(int) -> f
    void zze() -> g
com.google.android.gms.ads.identifier.AdvertisingIdClient$Info -> f.b.a.b.a.a.a$a:
    java.lang.String zza -> a
    boolean zzb -> b
    java.lang.String getId() -> a
    boolean isLimitAdTrackingEnabled() -> b
com.google.android.gms.ads.identifier.zza -> f.b.a.b.a.a.b:
    java.util.Map zza -> n
com.google.android.gms.ads.identifier.zzb -> f.b.a.b.a.a.c:
    java.util.concurrent.CountDownLatch zza -> p
    boolean zzb -> q
    java.lang.ref.WeakReference zzc -> n
    long zzd -> o
    void zza() -> a
com.google.android.gms.ads.identifier.zzc -> f.b.a.b.a.a.d:
    void zza(java.lang.String) -> a
com.google.android.gms.auth.api.Auth -> f.b.a.b.b.a.a:
    com.google.android.gms.auth.api.credentials.CredentialsApi CredentialsApi -> c
    com.google.android.gms.common.api.Api$AbstractClientBuilder zbc -> f
    com.google.android.gms.common.api.Api$AbstractClientBuilder zbd -> g
    com.google.android.gms.common.api.Api$ClientKey zbb -> e
    com.google.android.gms.common.api.Api$ClientKey zba -> d
    com.google.android.gms.common.api.Api CREDENTIALS_API -> a
    com.google.android.gms.common.api.Api GOOGLE_SIGN_IN_API -> b
com.google.android.gms.auth.api.Auth$AuthCredentialsOptions -> f.b.a.b.b.a.a$a:
    boolean zbc -> o
    com.google.android.gms.auth.api.Auth$AuthCredentialsOptions zba -> q
    java.lang.String zbb -> n
    java.lang.String zbd -> p
    android.os.Bundle zba() -> a
    java.lang.String zbb(com.google.android.gms.auth.api.Auth$AuthCredentialsOptions) -> b
    java.lang.String zbc(com.google.android.gms.auth.api.Auth$AuthCredentialsOptions) -> c
    java.lang.String zbd() -> d
    boolean zbe(com.google.android.gms.auth.api.Auth$AuthCredentialsOptions) -> e
com.google.android.gms.auth.api.Auth$AuthCredentialsOptions$Builder -> f.b.a.b.b.a.a$a$a:
    java.lang.String zbb -> b
    java.lang.Boolean zba -> a
    com.google.android.gms.auth.api.Auth$AuthCredentialsOptions$Builder zba(java.lang.String) -> a