Delivery boy-App/build/app/outputs/mapping/release/usage.txt
com.food_on_the_way.delivery_boy.R$string
com.food_on_the_way.delivery_boy.R$dimen
com.food_on_the_way.delivery_boy.R$style
com.food_on_the_way.delivery_boy.R$mipmap
com.food_on_the_way.delivery_boy.R
com.food_on_the_way.delivery_boy.R$layout
com.food_on_the_way.delivery_boy.R$xml
com.food_on_the_way.delivery_boy.R$bool
com.food_on_the_way.delivery_boy.R$color
com.food_on_the_way.delivery_boy.R$attr
com.food_on_the_way.delivery_boy.R$interpolator
com.food_on_the_way.delivery_boy.R$id
com.food_on_the_way.delivery_boy.R$drawable
com.food_on_the_way.delivery_boy.R$styleable
com.food_on_the_way.delivery_boy.R$integer
com.food_on_the_way.delivery_boy.BuildConfig
com.food_on_the_way.delivery_boy.R$raw
com.food_on_the_way.delivery_boy.R$anim
...
com.google.common.collect.ForwardingImmutableList
org.threeten.bp.chrono.Era:
    public abstract java.lang.String getDisplayName(org.threeten.bp.format.TextStyle,java.util.Locale)
com.google.common.graph.DirectedMultiNetworkConnections$1
com.google.common.util.concurrent.AtomicLongMap$1
androidx.core.view.WindowInsetsControllerCompat$OnControllableInsetsChangedListener
androidx.appcompat.app.ActionBarDrawerToggleHoneycomb$SetIndicatorInfo
com.google.errorprone.annotations.concurrent.LazyInit
kotlin.jvm.internal.ArrayCharIterator
android.support.v4.media.session.MediaSessionCompat$MediaSessionImplApi18$1
androidx.lifecycle.ComputableLiveData$1
kotlin.sequences.SequencesKt__SequencesKt$generateSequence$1
androidx.drawerlayout.widget.DrawerLayout$1
com.google.firebase.messaging.threads.PoolableExecutors$DefaultExecutorFactory:
    public java.util.concurrent.ExecutorService newThreadPool(com.google.firebase.messaging.threads.ThreadPriority)
    public java.util.concurrent.ExecutorService newThreadPool(java.util.concurrent.ThreadFactory,com.google.firebase.messaging.threads.ThreadPriority)
    public java.util.concurrent.ExecutorService newThreadPool(int,com.google.firebase.messaging.threads.ThreadPriority)
    public java.util.concurrent.ExecutorService newSingleThreadExecutor(com.google.firebase.messaging.threads.ThreadPriority)
    public java.util.concurrent.ScheduledExecutorService newScheduledThreadPool(int,com.google.firebase.messaging.threads.ThreadPriority)
    public java.util.concurrent.ScheduledExecutorService newScheduledThreadPool(int,java.util.concurrent.ThreadFactory,com.google.firebase.messaging.threads.ThreadPriority)
    public void executeOneOff(java.lang.String,java.lang.String,com.google.firebase.messaging.threads.ThreadPriority,java.lang.Runnable)
    public java.util.concurrent.Future submitOneOff(java.lang.String,java.lang.String,com.google.firebase.messaging.threads.ThreadPriority,java.lang.Runnable)
    private static final long CORE_THREAD_TIMEOUT_SECS
com.google.firebase.auth.FirebaseAuthMultiFactorException:
    public com.google.firebase.auth.MultiFactorResolver getResolver()
com.google.android.gms.internal.common.zzl
kotlinx.coroutines.CompletableDeferred$DefaultImpls
com.google.android.gms.auth.api.credentials.CredentialRequestResult
okhttp3.internal.http2.Http2Reader
io.flutter.plugin.platform.PlatformPlugin:
    public void <init>(android.app.Activity,io.flutter.embedding.engine.systemchannels.PlatformChannel)
    public static final int DEFAULT_SYSTEM_UI
    private static final java.lang.String TAG
com.google.gson.stream.JsonReader:
    private static final long MIN_INCOMPLETE_INTEGER
    private static final int PEEKED_NONE
    private static final int PEEKED_BEGIN_OBJECT
    private static final int PEEKED_END_OBJECT
    private static final int PEEKED_BEGIN_ARRAY
    private static final int PEEKED_END_ARRAY
    private static final int PEEKED_TRUE
    private static final int PEEKED_FALSE
    private static final int PEEKED_NULL
    private static final int PEEKED_SINGLE_QUOTED
    private static final int PEEKED_DOUBLE_QUOTED
    private static final int PEEKED_UNQUOTED
    private static final int PEEKED_BUFFERED
    private static final int PEEKED_SINGLE_QUOTED_NAME
    private static final int PEEKED_DOUBLE_QUOTED_NAME
    private static final int PEEKED_UNQUOTED_NAME
    private static final int PEEKED_LONG
    private static final int PEEKED_NUMBER
    private static final int PEEKED_EOF
    private static final int NUMBER_CHAR_NONE
    private static final int NUMBER_CHAR_SIGN
    private static final int NUMBER_CHAR_DIGIT
    private static final int NUMBER_CHAR_DECIMAL
    private static final int NUMBER_CHAR_FRACTION_DIGIT
    private static final int NUMBER_CHAR_EXP_E
    private static final int NUMBER_CHAR_EXP_SIGN
    private static final int NUMBER_CHAR_EXP_DIGIT
com.google.common.reflect.TypeToken$TypeFilter$2